*** Starting uWSGI 2.0.17.1 (64bit) on [Sun Oct  7 18:18:52 2018] ***
compiled with version: 5.4.0 20160609 on 07 October 2018 03:24:43
os: Linux-4.4.0-117-generic #141-Ubuntu SMP Tue Mar 13 11:58:07 UTC 2018
nodename: iZbp17qgf15tzuzsx0x8vhZ
machine: x86_64
clock source: unix
detected number of CPU cores: 2
current working directory: /home/env/zippo/zippo_single
detected binary path: /home/env/zippo/bin/uwsgi
!!! no internal routing support, rebuild with pcre support !!!
uWSGI running as root, you can use --uid/--gid/--chroot options
*** WARNING: you are running uWSGI as root !!! (use the --uid flag) *** 
chdir() to /home/env/zippo/zippo_single 
chdir(): No such file or directory [core/uwsgi.c line 2631]
*** Starting uWSGI 2.0.17.1 (64bit) on [Sun Oct  7 18:20:52 2018] ***
compiled with version: 5.4.0 20160609 on 07 October 2018 03:24:43
os: Linux-4.4.0-117-generic #141-Ubuntu SMP Tue Mar 13 11:58:07 UTC 2018
nodename: iZbp17qgf15tzuzsx0x8vhZ
machine: x86_64
clock source: unix
detected number of CPU cores: 2
current working directory: /home/env/zippo/zippo_single
detected binary path: /home/env/zippo/bin/uwsgi
!!! no internal routing support, rebuild with pcre support !!!
uWSGI running as root, you can use --uid/--gid/--chroot options
*** WARNING: you are running uWSGI as root !!! (use the --uid flag) *** 
chdir() to /home/env/zippo/zippo_single/zippo_single 
chdir(): No such file or directory [core/uwsgi.c line 2631]
*** Starting uWSGI 2.0.17.1 (64bit) on [Sun Oct  7 18:22:43 2018] ***
compiled with version: 5.4.0 20160609 on 07 October 2018 03:24:43
os: Linux-4.4.0-117-generic #141-Ubuntu SMP Tue Mar 13 11:58:07 UTC 2018
nodename: iZbp17qgf15tzuzsx0x8vhZ
machine: x86_64
clock source: unix
detected number of CPU cores: 2
current working directory: /home/env/zippo/zippo_single
detected binary path: /home/env/zippo/bin/uwsgi
!!! no internal routing support, rebuild with pcre support !!!
uWSGI running as root, you can use --uid/--gid/--chroot options
*** WARNING: you are running uWSGI as root !!! (use the --uid flag) *** 
chdir() to /home/env/zippo/zippo_single/zippo_single 
chdir(): No such file or directory [core/uwsgi.c line 2631]
*** Starting uWSGI 2.0.17.1 (64bit) on [Sun Oct  7 22:02:48 2018] ***
compiled with version: 5.4.0 20160609 on 07 October 2018 03:24:43
os: Linux-4.4.0-117-generic #141-Ubuntu SMP Tue Mar 13 11:58:07 UTC 2018
nodename: iZbp17qgf15tzuzsx0x8vhZ
machine: x86_64
clock source: unix
detected number of CPU cores: 2
current working directory: /home/env/zippo/zippo_single
detected binary path: /home/env/zippo/bin/uwsgi
!!! no internal routing support, rebuild with pcre support !!!
uWSGI running as root, you can use --uid/--gid/--chroot options
*** WARNING: you are running uWSGI as root !!! (use the --uid flag) *** 
chdir() to /home/env/zippo/zippo_single 
chdir(): No such file or directory [core/uwsgi.c line 2631]
